2019-05-14 15:53:17.321850: I tensorflow/core/platform/profile_utils/cpu_utils.cc:94] CPU Frequency: 2400030000 Hz
2019-05-14 15:53:17.325000: I tensorflow/compiler/xla/service/service.cc:150] XLA service 0x37f84bc40 executing computations on platform Host. Devices:
2019-05-14 15:53:17.325025: I tensorflow/compiler/xla/service/service.cc:158]   StreamExecutor device (0): <undefined>, <undefined>
WARNING:tensorflow:From /u/alsritt/.local/lib/python2.7/site-packages/tensorflow/python/framework/op_def_library.py:263: colocate_with (from tensorflow.python.framework.ops) is deprecated and will be removed in a future version.
Instructions for updating:
Colocations handled automatically by placer.
WARNING:tensorflow:From /u/alsritt/comparch/CS378FinalProject/Prefetcher.py:233: __init__ (from tensorflow.python.ops.rnn_cell_impl) is deprecated and will be removed in a future version.
Instructions for updating:
This class is equivalent as tf.keras.layers.LSTMCell, and will be replaced by that in Tensorflow 2.0.
WARNING:tensorflow:From /u/alsritt/comparch/CS378FinalProject/Prefetcher.py:234: static_rnn (from tensorflow.python.ops.rnn) is deprecated and will be removed in a future version.
Instructions for updating:
Please use `keras.layers.RNN(cell, unroll=True)`, which is equivalent to this API
WARNING:tensorflow:From /u/alsritt/comparch/CS378FinalProject/Prefetcher.py:246: softmax_cross_entropy_with_logits (from tensorflow.python.ops.nn_ops) is deprecated and will be removed in a future version.
Instructions for updating:

Future major versions of TensorFlow will allow gradients to flow
into the labels input on backprop by default.

See `tf.nn.softmax_cross_entropy_with_logits_v2`.

WARNING:tensorflow:From /u/alsritt/.local/lib/python2.7/site-packages/tensorflow/python/ops/array_grad.py:425: to_int32 (from tensorflow.python.ops.math_ops) is deprecated and will be removed in a future version.
Instructions for updating:
Use tf.cast instead.
